c:\users\turfa\onedrive\documents\github\3d viewer\solar system\x64\debug\vc143.pdb
c:\users\turfa\onedrive\documents\github\3d viewer\solar system\x64\debug\vc143.idb
c:\users\turfa\onedrive\documents\github\3d viewer\solar system\x64\debug\main.obj
c:\users\turfa\onedrive\documents\github\3d viewer\solar system\x64\debug\glm.obj
c:\users\turfa\onedrive\documents\github\3d viewer\solar system\x64\debug\glm.cppm.ifc
c:\users\turfa\onedrive\documents\github\3d viewer\solar system\x64\debug\glm.cppm.ifc.d.json
c:\users\turfa\onedrive\documents\github\3d viewer\solar system\x64\debug\glm.cppm.obj
c:\users\turfa\onedrive\documents\github\3d viewer\solar system\x64\debug\glad.obj
c:\users\turfa\onedrive\documents\github\3d viewer\solar system\x64\debug\imgui_impl_win32.obj
c:\users\turfa\onedrive\documents\github\3d viewer\solar system\x64\debug\imgui_impl_opengl3.obj
c:\users\turfa\onedrive\documents\github\3d viewer\solar system\x64\debug\imgui_impl_opengl2.obj
c:\users\turfa\onedrive\documents\github\3d viewer\solar system\x64\debug\imgui_impl_glut.obj
c:\users\turfa\onedrive\documents\github\3d viewer\solar system\x64\debug\imgui_impl_glfw.obj
c:\users\turfa\onedrive\documents\github\3d viewer\solar system\x64\debug\imgui_impl_dx9.obj
c:\users\turfa\onedrive\documents\github\3d viewer\solar system\x64\debug\imgui_impl_dx12.obj
c:\users\turfa\onedrive\documents\github\3d viewer\solar system\x64\debug\imgui_impl_dx11.obj
c:\users\turfa\onedrive\documents\github\3d viewer\solar system\x64\debug\imgui_impl_dx10.obj
c:\users\turfa\onedrive\documents\github\3d viewer\solar system\x64\debug\imgui_draw.obj
c:\users\turfa\onedrive\documents\github\3d viewer\solar system\x64\debug\imgui_demo.obj
c:\users\turfa\onedrive\documents\github\3d viewer\solar system\x64\debug\imgui.obj
c:\users\turfa\onedrive\documents\github\3d viewer\solar system\x64\debug\imgui_widgets.obj
c:\users\turfa\onedrive\documents\github\3d viewer\solar system\x64\debug\imgui_tables.obj
c:\users\turfa\onedrive\documents\github\3d viewer\solar system\x64\debug\binary_to_compressed_c.obj
c:\users\turfa\onedrive\documents\github\3d viewer\solar system\x64\debug\glm.cppm.module.json
c:\users\turfa\onedrive\documents\github\3d viewer\x64\debug\3d viewer.pdb
c:\users\turfa\onedrive\documents\github\3d viewer\solar system\x64\debug\3d viewer.tlog\cl.command.1.tlog
c:\users\turfa\onedrive\documents\github\3d viewer\solar system\x64\debug\3d viewer.tlog\cl.read.1.tlog
c:\users\turfa\onedrive\documents\github\3d viewer\solar system\x64\debug\3d viewer.tlog\cl.write.1.tlog
c:\users\turfa\onedrive\documents\github\3d viewer\solar system\x64\debug\3d viewer.tlog\link-cvtres.read.1.tlog
c:\users\turfa\onedrive\documents\github\3d viewer\solar system\x64\debug\3d viewer.tlog\link-cvtres.write.1.tlog
c:\users\turfa\onedrive\documents\github\3d viewer\solar system\x64\debug\3d viewer.tlog\link-rc.read.1.tlog
c:\users\turfa\onedrive\documents\github\3d viewer\solar system\x64\debug\3d viewer.tlog\link-rc.write.1.tlog
c:\users\turfa\onedrive\documents\github\3d viewer\solar system\x64\debug\3d viewer.tlog\link.28912-cvtres.read.1.tlog
c:\users\turfa\onedrive\documents\github\3d viewer\solar system\x64\debug\3d viewer.tlog\link.28912-cvtres.write.1.tlog
c:\users\turfa\onedrive\documents\github\3d viewer\solar system\x64\debug\3d viewer.tlog\link.28912-rc.read.1.tlog
c:\users\turfa\onedrive\documents\github\3d viewer\solar system\x64\debug\3d viewer.tlog\link.28912-rc.write.1.tlog
c:\users\turfa\onedrive\documents\github\3d viewer\solar system\x64\debug\3d viewer.tlog\link.28912.read.1.tlog
c:\users\turfa\onedrive\documents\github\3d viewer\solar system\x64\debug\3d viewer.tlog\link.28912.read.2.tlog
c:\users\turfa\onedrive\documents\github\3d viewer\solar system\x64\debug\3d viewer.tlog\link.28912.write.1.tlog
c:\users\turfa\onedrive\documents\github\3d viewer\solar system\x64\debug\3d viewer.tlog\link.command.1.tlog
c:\users\turfa\onedrive\documents\github\3d viewer\solar system\x64\debug\3d viewer.tlog\link.read.1.tlog
c:\users\turfa\onedrive\documents\github\3d viewer\solar system\x64\debug\3d viewer.tlog\link.read.2.tlog
c:\users\turfa\onedrive\documents\github\3d viewer\solar system\x64\debug\3d viewer.tlog\link.read.3.tlog
c:\users\turfa\onedrive\documents\github\3d viewer\solar system\x64\debug\3d viewer.tlog\link.write.1.tlog
c:\users\turfa\onedrive\documents\github\3d viewer\solar system\x64\debug\3d viewer_md.tlog\cl.command.1.tlog
c:\users\turfa\onedrive\documents\github\3d viewer\solar system\x64\debug\3d viewer_md.tlog\microsoft.build.cpptasks.cl.read.1.tlog
c:\users\turfa\onedrive\documents\github\3d viewer\solar system\x64\debug\3d viewer_md.tlog\microsoft.build.cpptasks.cl.write.1.tlog
