C:\Program Files\Microsoft Visual Studio\2022\Community\MSBuild\Microsoft\VC\v170\Microsoft.CppBuild.targets(517,5): warning MSB8028: Le répertoire intermédiaire (x64\Debug\) contient des fichiers partagés provenant d'un autre projet (Solar System.vcxproj). Cela peut entraîner un comportement de nettoyage et de regénération incorrect.
  Analyse des sources à la recherche des dépendances de module...
  glm.cppm
  Compilation...
  glm.cppm
  glm.cpp
  imgui_impl_glfw.cpp
  imgui_impl_glut.cpp
  imgui_impl_opengl3.cpp
  imgui.cpp
  imgui_draw.cpp
  imgui_tables.cpp
  imgui_widgets.cpp
  main.cpp
C:\Users\turfa\OneDrive\Documents\GitHub\Object Viewer\3D-Object-Viewer\3D Viewer\camera.h(83,11): warning C4305: 'initialisation' : troncation de 'double' à 'float'
C:\Users\turfa\OneDrive\Documents\GitHub\Object Viewer\3D-Object-Viewer\3D Viewer\camera.h(85,11): warning C4305: 'initialisation' : troncation de 'double' à 'float'
C:\Users\turfa\OneDrive\Documents\GitHub\Object Viewer\3D-Object-Viewer\3D Viewer\camera.h(37,32): warning C4244: '-=' : conversion de 'double' en 'float', perte possible de données
C:\Users\turfa\OneDrive\Documents\GitHub\Object Viewer\3D-Object-Viewer\3D Viewer\mesh.h(25,1): warning C4267: 'argument' : conversion de 'size_t' en 'GLsizei', perte possible de données
C:\Users\turfa\OneDrive\Documents\GitHub\Object Viewer\3D-Object-Viewer\3D Viewer\main.cpp(212,9): warning C4101: 'currentFrame' : variable locale non référencée
  Génération de code en cours...
  glad.c
dependencies\include\assimp\lib\libIrrXML.a : warning LNK4003: format de bibliothèque non valide ; bibliothèque ignorée
dependencies\lib\assimp\libIrrXML.a : warning LNK4003: format de bibliothèque non valide ; bibliothèque ignorée
dependencies\lib\libIrrXML.a : warning LNK4003: format de bibliothèque non valide ; bibliothèque ignorée
LINK : warning LNK4098: conflit entre la bibliothèque par défaut 'MSVCRT' et les autres bibliothèques ; utilisez /NODEFAULTLIB:library
  Solar System.vcxproj -> C:\Users\turfa\OneDrive\Documents\GitHub\Object Viewer\3D-Object-Viewer\x64\Debug\3D Viewer.exe
