c:\users\turfa\onedrive\documents\github\3d viewer\solar system\x64\debug\vc143.pdb
c:\users\turfa\onedrive\documents\github\3d viewer\solar system\x64\debug\vc143.idb
c:\users\turfa\onedrive\documents\github\3d viewer\solar system\x64\debug\main.obj
c:\users\turfa\onedrive\documents\github\3d viewer\solar system\x64\debug\glm.obj
c:\users\turfa\onedrive\documents\github\3d viewer\solar system\x64\debug\glm.cppm.ifc
c:\users\turfa\onedrive\documents\github\3d viewer\solar system\x64\debug\glm.cppm.ifc.d.json
c:\users\turfa\onedrive\documents\github\3d viewer\solar system\x64\debug\glm.cppm.obj
c:\users\turfa\onedrive\documents\github\3d viewer\solar system\x64\debug\glad.obj
c:\users\turfa\onedrive\documents\github\3d viewer\solar system\x64\debug\solar system.ilk
c:\users\turfa\onedrive\documents\github\3d viewer\x64\debug\solar system.exe
c:\users\turfa\onedrive\documents\github\3d viewer\x64\debug\solar system.pdb
c:\users\turfa\onedrive\documents\github\3d viewer\solar system\x64\debug\glm.cppm.module.json
c:\users\turfa\onedrive\documents\github\3d viewer\solar system\x64\debug\solar system.tlog\cl.command.1.tlog
c:\users\turfa\onedrive\documents\github\3d viewer\solar system\x64\debug\solar system.tlog\cl.read.1.tlog
c:\users\turfa\onedrive\documents\github\3d viewer\solar system\x64\debug\solar system.tlog\cl.write.1.tlog
c:\users\turfa\onedrive\documents\github\3d viewer\solar system\x64\debug\solar system.tlog\link.command.1.tlog
c:\users\turfa\onedrive\documents\github\3d viewer\solar system\x64\debug\solar system.tlog\link.read.1.tlog
c:\users\turfa\onedrive\documents\github\3d viewer\solar system\x64\debug\solar system.tlog\link.write.1.tlog
c:\users\turfa\onedrive\documents\github\3d viewer\solar system\x64\debug\solar system_md.tlog\cl.command.1.tlog
c:\users\turfa\onedrive\documents\github\3d viewer\solar system\x64\debug\solar system_md.tlog\microsoft.build.cpptasks.cl.read.1.tlog
c:\users\turfa\onedrive\documents\github\3d viewer\solar system\x64\debug\solar system_md.tlog\microsoft.build.cpptasks.cl.write.1.tlog
